<?xml version="1.0" encoding="UTF-8"?>
<testng-results skipped="0" failed="0" total="1" passed="1">
  <reporter-output>
  </reporter-output>
  <suite name="Default suite" duration-ms="80122" started-at="2016-02-20T15:32:46Z" finished-at="2016-02-20T15:34:06Z">
    <groups>
    </groups>
    <test name="Default test" duration-ms="80122" started-at="2016-02-20T15:32:46Z" finished-at="2016-02-20T15:34:06Z">
      <class name="com.example.tests.LoginAndSearch">
        <test-method status="PASS" signature="setUp()[pri:0, instance:com.example.tests.LoginAndSearch@1f378c8]" name="setUp" is-config="true" duration-ms="9136" started-at="2016-02-20T16:32:46Z" finished-at="2016-02-20T16:32:55Z">
          <reporter-output>
          </reporter-output>
        </test-method> <!-- setUp -->
        <test-method status="PASS" signature="testSearch()[pri:0, instance:com.example.tests.LoginAndSearch@1f378c8]" name="testSearch" duration-ms="70088" started-at="2016-02-20T16:32:55Z" finished-at="2016-02-20T16:34:05Z">
          <reporter-output>
          </reporter-output>
        </test-method> <!-- testSearch -->
        <test-method status="PASS" signature="tearDown()[pri:0, instance:com.example.tests.LoginAndSearch@1f378c8]" name="tearDown" is-config="true" duration-ms="870" started-at="2016-02-20T16:34:05Z" finished-at="2016-02-20T16:34:06Z">
          <reporter-output>
          </reporter-output>
        </test-method> <!-- tearDown -->
      </class> <!-- com.example.tests.LoginAndSearch -->
    </test> <!-- Default test -->
  </suite> <!-- Default suite -->
</testng-results>
